2026-06-21T14:15:48.177-04:00  INFO 6964 --- [ms-usuario] [main] c.e.ms_usuario.MsUsuarioApplication      : Starting MsUsuarioApplication using Java 21.0.10 with PID 6964 (C:\Users\GAMER\Downloads\MicroServicios-main\ms-usuario\target\classes started by GAMER in C:\Users\GAMER\Downloads\MicroServicios-main)
2026-06-21T14:15:48.180-04:00  INFO 6964 --- [ms-usuario] [main] c.e.ms_usuario.MsUsuarioApplication      : No active profile set, falling back to 1 default profile: "default"
2026-06-21T14:15:49.046-04:00  INFO 6964 --- [ms-usuario] [main] .s.d.r.c.RepositoryConfigurationDelegate : Bootstrapping Spring Data JPA repositories in DEFAULT mode.
2026-06-21T14:15:49.166-04:00  INFO 6964 --- [ms-usuario] [main] .s.d.r.c.RepositoryConfigurationDelegate : Finished Spring Data repository scanning in 112 ms. Found 1 JPA repository interface.
2026-06-21T14:15:49.405-04:00  INFO 6964 --- [ms-usuario] [main] o.s.cloud.context.scope.GenericScope     : BeanFactory id=06798e04-0aa5-3d73-99b7-7256dcf03205
2026-06-21T14:15:49.542-04:00  WARN 6964 --- [ms-usuario] [main] trationDelegate$BeanPostProcessorChecker : Bean 'org.springframework.cloud.client.loadbalancer.LoadBalancerAutoConfiguration$DeferringLoadBalancerInterceptorConfig' of type [org.springframework.cloud.client.loadbalancer.LoadBalancerAutoConfiguration$DeferringLoadBalancerInterceptorConfig] is not eligible for getting processed by all BeanPostProcessors (for example: not eligible for auto-proxying). The currently created BeanPostProcessor [lbRestClientPostProcessor] is declared through a non-static factory method on that class; consider declaring it as static instead.
2026-06-21T14:15:49.546-04:00  WARN 6964 --- [ms-usuario] [main] trationDelegate$BeanPostProcessorChecker : Bean 'deferringLoadBalancerInterceptor' of type [org.springframework.cloud.client.loadbalancer.DeferringLoadBalancerInterceptor] is not eligible for getting processed by all BeanPostProcessors (for example: not eligible for auto-proxying). Is this bean getting eagerly injected into a currently created BeanPostProcessor [lbRestClientPostProcessor]? Check the corresponding BeanPostProcessor declaration and its dependencies.
2026-06-21T14:15:49.766-04:00  INFO 6964 --- [ms-usuario] [main] o.s.b.w.embedded.tomcat.TomcatWebServer  : Tomcat initialized with port 8080 (http)
2026-06-21T14:15:49.777-04:00  INFO 6964 --- [ms-usuario] [main] o.apache.catalina.core.StandardService   : Starting service [Tomcat]
2026-06-21T14:15:49.779-04:00  INFO 6964 --- [ms-usuario] [main] o.apache.catalina.core.StandardEngine    : Starting Servlet engine: [Apache Tomcat/10.1.20]
2026-06-21T14:15:49.855-04:00  INFO 6964 --- [ms-usuario] [main] o.a.c.c.C.[Tomcat].[localhost].[/]       : Initializing Spring embedded WebApplicationContext
2026-06-21T14:15:49.855-04:00  INFO 6964 --- [ms-usuario] [main] w.s.c.ServletWebServerApplicationContext : Root WebApplicationContext: initialization completed in 1638 ms
2026-06-21T14:15:49.950-04:00  INFO 6964 --- [ms-usuario] [main] com.zaxxer.hikari.HikariDataSource       : HikariPool-1 - Starting...
2026-06-21T14:15:50.264-04:00  INFO 6964 --- [ms-usuario] [main] com.zaxxer.hikari.pool.HikariPool        : HikariPool-1 - Added connection com.mysql.cj.jdbc.ConnectionImpl@16ac4d3d
2026-06-21T14:15:50.266-04:00  INFO 6964 --- [ms-usuario] [main] com.zaxxer.hikari.HikariDataSource       : HikariPool-1 - Start completed.
2026-06-21T14:15:50.359-04:00  INFO 6964 --- [ms-usuario] [main] o.f.c.internal.license.VersionPrinter    : Flyway Community Edition 9.22.3 by Redgate
2026-06-21T14:15:50.359-04:00  INFO 6964 --- [ms-usuario] [main] o.f.c.internal.license.VersionPrinter    : See release notes here: https://rd.gt/416ObMi
2026-06-21T14:15:50.359-04:00  INFO 6964 --- [ms-usuario] [main] o.f.c.internal.license.VersionPrinter    : 
2026-06-21T14:15:50.381-04:00  INFO 6964 --- [ms-usuario] [main] org.flywaydb.core.FlywayExecutor         : Database: jdbc:mysql://localhost:3306/db_usuario (MySQL 8.0)
2026-06-21T14:15:50.419-04:00  INFO 6964 --- [ms-usuario] [main] o.f.c.i.s.JdbcTableSchemaHistory         : Schema history table `db_usuario`.`flyway_schema_history` does not exist yet
2026-06-21T14:15:50.423-04:00  INFO 6964 --- [ms-usuario] [main] o.f.core.internal.command.DbValidate     : Successfully validated 1 migration (execution time 00:00.024s)
2026-06-21T14:15:50.443-04:00  INFO 6964 --- [ms-usuario] [main] o.f.c.i.s.JdbcTableSchemaHistory         : Creating Schema History table `db_usuario`.`flyway_schema_history` ...
2026-06-21T14:15:50.506-04:00  INFO 6964 --- [ms-usuario] [main] o.f.core.internal.command.DbMigrate      : Current version of schema `db_usuario`: << Empty Schema >>
2026-06-21T14:15:50.512-04:00  INFO 6964 --- [ms-usuario] [main] o.f.core.internal.command.DbMigrate      : Migrating schema `db_usuario` to version "1 - msusuario"
2026-06-21T14:15:50.551-04:00  INFO 6964 --- [ms-usuario] [main] o.f.core.internal.command.DbMigrate      : Successfully applied 1 migration to schema `db_usuario`, now at version v1 (execution time 00:00.016s)
2026-06-21T14:15:50.633-04:00  INFO 6964 --- [ms-usuario] [main] o.hibernate.jpa.internal.util.LogHelper  : HHH000204: Processing PersistenceUnitInfo [name: default]
2026-06-21T14:15:50.700-04:00  INFO 6964 --- [ms-usuario] [main] org.hibernate.Version                    : HHH000412: Hibernate ORM core version 6.4.4.Final
2026-06-21T14:15:50.734-04:00  INFO 6964 --- [ms-usuario] [main] o.h.c.internal.RegionFactoryInitiator    : HHH000026: Second-level cache disabled
2026-06-21T14:15:50.969-04:00  INFO 6964 --- [ms-usuario] [main] o.s.o.j.p.SpringPersistenceUnitInfo      : No LoadTimeWeaver setup: ignoring JPA class transformer
2026-06-21T14:15:51.783-04:00  INFO 6964 --- [ms-usuario] [main] o.h.e.t.j.p.i.JtaPlatformInitiator       : HHH000489: No JTA platform available (set 'hibernate.transaction.jta.platform' to enable JTA platform integration)
2026-06-21T14:15:51.829-04:00  INFO 6964 --- [ms-usuario] [main] j.LocalContainerEntityManagerFactoryBean : Initialized JPA EntityManagerFactory for persistence unit 'default'
2026-06-21T14:15:52.005-04:00  WARN 6964 --- [ms-usuario] [main] JpaBaseConfiguration$JpaWebConfiguration : spring.jpa.open-in-view is enabled by default. Therefore, database queries may be performed during view rendering. Explicitly configure spring.jpa.open-in-view to disable this warning
2026-06-21T14:15:53.047-04:00  INFO 6964 --- [ms-usuario] [main] o.s.cloud.commons.util.InetUtils         : Cannot determine local hostname
2026-06-21T14:15:54.685-04:00  INFO 6964 --- [ms-usuario] [main] o.s.cloud.commons.util.InetUtils         : Cannot determine local hostname
2026-06-21T14:15:54.704-04:00  INFO 6964 --- [ms-usuario] [main] DiscoveryClientOptionalArgsConfiguration : Eureka HTTP Client uses RestTemplate.
2026-06-21T14:15:54.724-04:00  WARN 6964 --- [ms-usuario] [main] iguration$LoadBalancerCaffeineWarnLogger : Spring Cloud LoadBalancer is currently working with the default cache. While this cache implementation is useful for development and tests, it's recommended to use Caffeine cache in production.You can switch to using Caffeine cache, by adding it and org.springframework.cache.caffeine.CaffeineCacheManager to the classpath.
2026-06-21T14:15:54.749-04:00  INFO 6964 --- [ms-usuario] [main] o.s.c.n.eureka.InstanceInfoFactory       : Setting initial instance status as: STARTING
2026-06-21T14:15:54.827-04:00  INFO 6964 --- [ms-usuario] [main] com.netflix.discovery.DiscoveryClient    : Initializing Eureka in region us-east-1
2026-06-21T14:15:54.833-04:00  INFO 6964 --- [ms-usuario] [main] c.n.d.s.r.aws.ConfigClusterResolver      : Resolving eureka endpoints via configuration
2026-06-21T14:15:54.850-04:00  INFO 6964 --- [ms-usuario] [main] com.netflix.discovery.DiscoveryClient    : Disable delta property : false
2026-06-21T14:15:54.851-04:00  INFO 6964 --- [ms-usuario] [main] com.netflix.discovery.DiscoveryClient    : Single vip registry refresh property : null
2026-06-21T14:15:54.851-04:00  INFO 6964 --- [ms-usuario] [main] com.netflix.discovery.DiscoveryClient    : Force full registry fetch : false
2026-06-21T14:15:54.851-04:00  INFO 6964 --- [ms-usuario] [main] com.netflix.discovery.DiscoveryClient    : Application is null : false
2026-06-21T14:15:54.851-04:00  INFO 6964 --- [ms-usuario] [main] com.netflix.discovery.DiscoveryClient    : Registered Applications size is zero : true
2026-06-21T14:15:54.851-04:00  INFO 6964 --- [ms-usuario] [main] com.netflix.discovery.DiscoveryClient    : Application version is -1: true
2026-06-21T14:15:54.851-04:00  INFO 6964 --- [ms-usuario] [main] com.netflix.discovery.DiscoveryClient    : Getting all instance registry info from the eureka server
2026-06-21T14:15:55.187-04:00  INFO 6964 --- [ms-usuario] [main] com.netflix.discovery.DiscoveryClient    : The response status is 200
2026-06-21T14:15:55.189-04:00  INFO 6964 --- [ms-usuario] [main] com.netflix.discovery.DiscoveryClient    : Starting heartbeat executor: renew interval is: 30
2026-06-21T14:15:55.191-04:00  INFO 6964 --- [ms-usuario] [main] c.n.discovery.InstanceInfoReplicator     : InstanceInfoReplicator onDemand update allowed rate per min is 4
2026-06-21T14:15:55.195-04:00  INFO 6964 --- [ms-usuario] [main] com.netflix.discovery.DiscoveryClient    : Discovery Client initialized at timestamp 1782065755193 with initial instances count: 0
2026-06-21T14:15:55.198-04:00  INFO 6964 --- [ms-usuario] [main] o.s.c.n.e.s.EurekaServiceRegistry        : Registering application MS-USUARIO with eureka with status UP
2026-06-21T14:15:55.199-04:00  INFO 6964 --- [ms-usuario] [main] com.netflix.discovery.DiscoveryClient    : Saw local status change event StatusChangeEvent [timestamp=1782065755199, current=UP, previous=STARTING]
2026-06-21T14:15:55.200-04:00  INFO 6964 --- [ms-usuario] [DiscoveryClient-InstanceInfoReplicator-0] com.netflix.discovery.DiscoveryClient    : DiscoveryClient_MS-USUARIO/localhost:ms-usuario:8080: registering service...
2026-06-21T14:15:55.217-04:00  INFO 6964 --- [ms-usuario] [main] o.s.b.w.embedded.tomcat.TomcatWebServer  : Tomcat started on port 8080 (http) with context path ''
2026-06-21T14:15:55.218-04:00  INFO 6964 --- [ms-usuario] [main] .s.c.n.e.s.EurekaAutoServiceRegistration : Updating port to 8080
2026-06-21T14:15:55.283-04:00  INFO 6964 --- [ms-usuario] [DiscoveryClient-InstanceInfoReplicator-0] com.netflix.discovery.DiscoveryClient    : DiscoveryClient_MS-USUARIO/localhost:ms-usuario:8080 - registration status: 204
2026-06-21T14:15:56.226-04:00  INFO 6964 --- [ms-usuario] [main] o.s.cloud.commons.util.InetUtils         : Cannot determine local hostname
2026-06-21T14:15:56.234-04:00  INFO 6964 --- [ms-usuario] [main] c.e.ms_usuario.MsUsuarioApplication      : Started MsUsuarioApplication in 9.454 seconds (process running for 9.812)
2026-06-21T14:16:25.198-04:00  INFO 6964 --- [ms-usuario] [DiscoveryClient-CacheRefreshExecutor-0] com.netflix.discovery.DiscoveryClient    : Disable delta property : false
2026-06-21T14:16:25.200-04:00  INFO 6964 --- [ms-usuario] [DiscoveryClient-CacheRefreshExecutor-0] com.netflix.discovery.DiscoveryClient    : Single vip registry refresh property : null
2026-06-21T14:16:25.200-04:00  INFO 6964 --- [ms-usuario] [DiscoveryClient-CacheRefreshExecutor-0] com.netflix.discovery.DiscoveryClient    : Force full registry fetch : false
2026-06-21T14:16:25.200-04:00  INFO 6964 --- [ms-usuario] [DiscoveryClient-CacheRefreshExecutor-0] com.netflix.discovery.DiscoveryClient    : Application is null : false
2026-06-21T14:16:25.200-04:00  INFO 6964 --- [ms-usuario] [DiscoveryClient-CacheRefreshExecutor-0] com.netflix.discovery.DiscoveryClient    : Registered Applications size is zero : true
2026-06-21T14:16:25.200-04:00  INFO 6964 --- [ms-usuario] [DiscoveryClient-CacheRefreshExecutor-0] com.netflix.discovery.DiscoveryClient    : Application version is -1: false
2026-06-21T14:16:25.200-04:00  INFO 6964 --- [ms-usuario] [DiscoveryClient-CacheRefreshExecutor-0] com.netflix.discovery.DiscoveryClient    : Getting all instance registry info from the eureka server
2026-06-21T14:16:25.235-04:00  INFO 6964 --- [ms-usuario] [DiscoveryClient-CacheRefreshExecutor-0] com.netflix.discovery.DiscoveryClient    : The response status is 200
